<?xml version="1.0" encoding="UTF-8"?>
<testsuite xmlns:xsi="http://www.w3.org/2001/XMLSchema-instance" xsi:schemaLocation="https://maven.apache.org/surefire/maven-surefire-plugin/xsd/surefire-test-report.xsd" name="runner.RunCukesTest" time="1.53" tests="3" errors="3" skipped="0" failures="0">
  <properties>
    <property name="idea.version" value="2018.1"/>
    <property name="java.runtime.name" value="OpenJDK Runtime Environment"/>
    <property name="sun.boot.library.path" value="/usr/local/java/zulu8.28.0.1-jdk8.0.163-linux_x64/jre/lib/amd64"/>
    <property name="java.vm.version" value="25.163-b01"/>
    <property name="java.vm.vendor" value="Azul Systems, Inc."/>
    <property name="maven.multiModuleProjectDirectory" value="/home/wk/tmp/bugs-cucumber-hooks-and-serenity-report"/>
    <property name="java.vendor.url" value="http://www.azulsystems.com/"/>
    <property name="path.separator" value=":"/>
    <property name="guice.disable.misplaced.annotation.check" value="true"/>
    <property name="java.vm.name" value="OpenJDK 64-Bit Server VM"/>
    <property name="file.encoding.pkg" value="sun.io"/>
    <property name="user.country" value="US"/>
    <property name="sun.java.launcher" value="SUN_STANDARD"/>
    <property name="sun.os.patch.level" value="unknown"/>
    <property name="java.vm.specification.name" value="Java Virtual Machine Specification"/>
    <property name="user.dir" value="/home/wk/tmp/bugs-cucumber-hooks-and-serenity-report"/>
    <property name="java.runtime.version" value="1.8.0_163-b01"/>
    <property name="java.awt.graphicsenv" value="sun.awt.X11GraphicsEnvironment"/>
    <property name="java.endorsed.dirs" value="/usr/local/java/zulu8.28.0.1-jdk8.0.163-linux_x64/jre/lib/endorsed"/>
    <property name="os.arch" value="amd64"/>
    <property name="java.io.tmpdir" value="/tmp"/>
    <property name="line.separator" value="&#10;"/>
    <property name="java.vm.specification.vendor" value="Oracle Corporation"/>
    <property name="os.name" value="Linux"/>
    <property name="classworlds.conf" value="/usr/local/idea-IU-181.3494.3/plugins/maven/lib/maven3/bin/m2.conf"/>
    <property name="sun.jnu.encoding" value="UTF-8"/>
    <property name="java.library.path" value="/usr/java/packages/lib/amd64:/usr/lib64:/lib64:/lib:/usr/lib"/>
    <property name="java.specification.name" value="Java Platform API Specification"/>
    <property name="java.class.version" value="52.0"/>
    <property name="sun.management.compiler" value="HotSpot 64-Bit Tiered Compilers"/>
    <property name="os.version" value="4.15.0-10-generic"/>
    <property name="user.home" value="/home/wk"/>
    <property name="user.timezone" value="Europe/Vienna"/>
    <property name="java.awt.printerjob" value="sun.print.PSPrinterJob"/>
    <property name="java.specification.version" value="1.8"/>
    <property name="file.encoding" value="UTF-8"/>
    <property name="user.name" value="wk"/>
    <property name="java.class.path" value="/usr/local/idea-IU-181.3494.3/plugins/maven/lib/maven3/boot/plexus-classworlds-2.5.2.jar:/usr/local/idea-IU-181.3494.3/lib/idea_rt.jar"/>
    <property name="java.vm.specification.version" value="1.8"/>
    <property name="sun.arch.data.model" value="64"/>
    <property name="java.home" value="/usr/local/java/zulu8.28.0.1-jdk8.0.163-linux_x64/jre"/>
    <property name="sun.java.command" value="org.codehaus.classworlds.Launcher -Didea.version=2018.1 clean install -f pom.xml"/>
    <property name="java.specification.vendor" value="Oracle Corporation"/>
    <property name="user.language" value="en"/>
    <property name="awt.toolkit" value="sun.awt.X11.XToolkit"/>
    <property name="java.vm.info" value="mixed mode"/>
    <property name="java.version" value="1.8.0_163"/>
    <property name="java.ext.dirs" value="/usr/local/java/zulu8.28.0.1-jdk8.0.163-linux_x64/jre/lib/ext:/usr/java/packages/lib/ext"/>
    <property name="securerandom.source" value="file:/dev/./urandom"/>
    <property name="sun.boot.class.path" value="/usr/local/java/zulu8.28.0.1-jdk8.0.163-linux_x64/jre/lib/resources.jar:/usr/local/java/zulu8.28.0.1-jdk8.0.163-linux_x64/jre/lib/rt.jar:/usr/local/java/zulu8.28.0.1-jdk8.0.163-linux_x64/jre/lib/sunrsasign.jar:/usr/local/java/zulu8.28.0.1-jdk8.0.163-linux_x64/jre/lib/jsse.jar:/usr/local/java/zulu8.28.0.1-jdk8.0.163-linux_x64/jre/lib/jce.jar:/usr/local/java/zulu8.28.0.1-jdk8.0.163-linux_x64/jre/lib/charsets.jar:/usr/local/java/zulu8.28.0.1-jdk8.0.163-linux_x64/jre/lib/jfr.jar:/usr/local/java/zulu8.28.0.1-jdk8.0.163-linux_x64/jre/classes"/>
    <property name="java.vendor" value="Azul Systems, Inc."/>
    <property name="maven.home" value="/usr/local/idea-IU-181.3494.3/plugins/maven/lib/maven3"/>
    <property name="file.separator" value="/"/>
    <property name="java.vendor.url.bug" value="http://www.azulsystems.com/support/"/>
    <property name="sun.cpu.endian" value="little"/>
    <property name="sun.io.unicode.encoding" value="UnicodeLittle"/>
    <property name="sun.cpu.isalist" value=""/>
  </properties>
  <testcase name="Execute some hook before scenario" classname="Exceptions in cucumber hooks must result in failed scenario execution" time="0.021">
    <error message="Oops! Some exception happened during hook execution!" type="java.lang.RuntimeException">java.lang.RuntimeException: Oops! Some exception happened during hook execution!
</error>
    <system-out><![CDATA[@Bug
Feature: Exceptions in cucumber hooks must result in failed scenario execution

  @Bug
  Scenario: Execute some hook before scenario       &amp#27;[90m# src/test/resources/features/test.feature:4&amp#27;[0m
Executing @Before Hook
      &amp#27;[31mjava.lang.RuntimeException: Oops! Some exception happened during hook execution!
	at steps.hooks.TestHooks.setup(TestHooks.java:11)
	at sun.reflect.NativeMethodAccessorImpl.invoke0(Native Method)
	at sun.reflect.NativeMethodAccessorImpl.invoke(NativeMethodAccessorImpl.java:62)
	at sun.reflect.DelegatingMethodAccessorImpl.invoke(DelegatingMethodAccessorImpl.java:43)
	at java.lang.reflect.Method.invoke(Method.java:498)
	at cucumber.runtime.Utils$1.call(Utils.java:32)
	at cucumber.runtime.Timeout.timeout(Timeout.java:16)
	at cucumber.runtime.Utils.invoke(Utils.java:26)
	at cucumber.runtime.java.JavaHookDefinition.execute(JavaHookDefinition.java:60)
	at cucumber.runtime.HookDefinitionMatch.runStep(HookDefinitionMatch.java:17)
	at cucumber.runner.UnskipableStep.executeStep(UnskipableStep.java:22)
	at cucumber.api.TestStep.run(TestStep.java:83)
	at cucumber.api.TestCase.run(TestCase.java:58)
	at cucumber.runner.Runner.runPickle(Runner.java:80)
	at cucumber.runtime.junit.PickleRunners$NoStepDescriptions.run(PickleRunners.java:140)
	at cucumber.runtime.junit.FeatureRunner.runChild(FeatureRunner.java:68)
	at cucumber.runtime.junit.FeatureRunner.runChild(FeatureRunner.java:23)
	at org.junit.runners.ParentRunner$3.run(ParentRunner.java:290)
	at org.junit.runners.ParentRunner$1.schedule(ParentRunner.java:71)
	at org.junit.runners.ParentRunner.runChildren(ParentRunner.java:288)
	at org.junit.runners.ParentRunner.access$000(ParentRunner.java:58)
	at org.junit.runners.ParentRunner$2.evaluate(ParentRunner.java:268)
	at org.junit.runners.ParentRunner.run(ParentRunner.java:363)
	at cucumber.runtime.junit.FeatureRunner.run(FeatureRunner.java:73)
	at cucumber.api.junit.Cucumber.runChild(Cucumber.java:117)
	at cucumber.api.junit.Cucumber.runChild(Cucumber.java:55)
	at org.junit.runners.ParentRunner$3.run(ParentRunner.java:290)
	at org.junit.runners.ParentRunner$1.schedule(ParentRunner.java:71)
	at org.junit.runners.ParentRunner.runChildren(ParentRunner.java:288)
	at org.junit.runners.ParentRunner.access$000(ParentRunner.java:58)
	at org.junit.runners.ParentRunner$2.evaluate(ParentRunner.java:268)
	at cucumber.api.junit.Cucumber$1.evaluate(Cucumber.java:126)
	at org.junit.runners.ParentRunner.run(ParentRunner.java:363)
	at org.apache.maven.surefire.junit4.JUnit4Provider.execute(JUnit4Provider.java:367)
	at org.apache.maven.surefire.junit4.JUnit4Provider.executeWithRerun(JUnit4Provider.java:274)
	at org.apache.maven.surefire.junit4.JUnit4Provider.executeTestSet(JUnit4Provider.java:238)
	at org.apache.maven.surefire.junit4.JUnit4Provider.invoke(JUnit4Provider.java:161)
	at org.apache.maven.surefire.booter.ForkedBooter.invokeProviderInSameClassLoader(ForkedBooter.java:290)
	at org.apache.maven.surefire.booter.ForkedBooter.runSuitesInProcess(ForkedBooter.java:242)
	at org.apache.maven.surefire.booter.ForkedBooter.main(ForkedBooter.java:121)
&amp#27;[0m
    &amp#27;[36mGiven &amp#27;[0m&amp#27;[36m&amp#27;[0m&amp#27;[36m&amp#27;[1msome&amp#27;[0m&amp#27;[36m scenario with some before hook&amp#27;[0m       &amp#27;[90m# TestSteps.java:8&amp#27;[0m
    &amp#27;[36mWhen &amp#27;[0m&amp#27;[36man exception happens during hook execution&amp#27;[0m &amp#27;[90m# TestSteps.java:12&amp#27;[0m
    &amp#27;[36mThen &amp#27;[0m&amp#27;[36mthe steps should have status Ignored&amp#27;[0m       &amp#27;[90m# TestSteps.java:16&amp#27;[0m
    &amp#27;[36mBut &amp#27;[0m&amp#27;[36mthe scenario should be reported as Failing&amp#27;[0m  &amp#27;[90m# TestSteps.java:20&amp#27;[0m
]]></system-out>
    <system-err><![CDATA[SLF4J: Failed to load class "org.slf4j.impl.StaticLoggerBinder".
SLF4J: Defaulting to no-operation (NOP) logger implementation
SLF4J: See http://www.slf4j.org/codes.html#StaticLoggerBinder for further details.
]]></system-err>
  </testcase>
  <testcase name="Execute some hook before scenario outline" classname="Exceptions in cucumber hooks must result in failed scenario execution" time="0.058">
    <error message="Oops! Some exception happened during hook execution!" type="java.lang.RuntimeException">java.lang.RuntimeException: Oops! Some exception happened during hook execution!
</error>
    <system-out><![CDATA[
  Scenario Outline: Execute some hook before scenario outline &amp#27;[90m# src/test/resources/features/test.feature:10&amp#27;[0m
    &amp#27;[36mGiven <number> scenarios with some before hook&amp#27;[0m
    &amp#27;[36mWhen an exception happens during hook execution&amp#27;[0m
    &amp#27;[36mThen the steps should have status Ignored&amp#27;[0m
    &amp#27;[36mBut the scenario should be reported as Failing&amp#27;[0m

    Examples: 

  @Bug
  Scenario Outline: Execute some hook before scenario outline &amp#27;[90m# src/test/resources/features/test.feature:18&amp#27;[0m
Executing @Before Hook
      &amp#27;[31mjava.lang.RuntimeException: Oops! Some exception happened during hook execution!
	at steps.hooks.TestHooks.setup(TestHooks.java:11)
	at sun.reflect.NativeMethodAccessorImpl.invoke0(Native Method)
	at sun.reflect.NativeMethodAccessorImpl.invoke(NativeMethodAccessorImpl.java:62)
	at sun.reflect.DelegatingMethodAccessorImpl.invoke(DelegatingMethodAccessorImpl.java:43)
	at java.lang.reflect.Method.invoke(Method.java:498)
	at cucumber.runtime.Utils$1.call(Utils.java:32)
	at cucumber.runtime.Timeout.timeout(Timeout.java:16)
	at cucumber.runtime.Utils.invoke(Utils.java:26)
	at cucumber.runtime.java.JavaHookDefinition.execute(JavaHookDefinition.java:60)
	at cucumber.runtime.HookDefinitionMatch.runStep(HookDefinitionMatch.java:17)
	at cucumber.runner.UnskipableStep.executeStep(UnskipableStep.java:22)
	at cucumber.api.TestStep.run(TestStep.java:83)
	at cucumber.api.TestCase.run(TestCase.java:58)
	at cucumber.runner.Runner.runPickle(Runner.java:80)
	at cucumber.runtime.junit.PickleRunners$NoStepDescriptions.run(PickleRunners.java:140)
	at cucumber.runtime.junit.FeatureRunner.runChild(FeatureRunner.java:68)
	at cucumber.runtime.junit.FeatureRunner.runChild(FeatureRunner.java:23)
	at org.junit.runners.ParentRunner$3.run(ParentRunner.java:290)
	at org.junit.runners.ParentRunner$1.schedule(ParentRunner.java:71)
	at org.junit.runners.ParentRunner.runChildren(ParentRunner.java:288)
	at org.junit.runners.ParentRunner.access$000(ParentRunner.java:58)
	at org.junit.runners.ParentRunner$2.evaluate(ParentRunner.java:268)
	at org.junit.runners.ParentRunner.run(ParentRunner.java:363)
	at cucumber.runtime.junit.FeatureRunner.run(FeatureRunner.java:73)
	at cucumber.api.junit.Cucumber.runChild(Cucumber.java:117)
	at cucumber.api.junit.Cucumber.runChild(Cucumber.java:55)
	at org.junit.runners.ParentRunner$3.run(ParentRunner.java:290)
	at org.junit.runners.ParentRunner$1.schedule(ParentRunner.java:71)
	at org.junit.runners.ParentRunner.runChildren(ParentRunner.java:288)
	at org.junit.runners.ParentRunner.access$000(ParentRunner.java:58)
	at org.junit.runners.ParentRunner$2.evaluate(ParentRunner.java:268)
	at cucumber.api.junit.Cucumber$1.evaluate(Cucumber.java:126)
	at org.junit.runners.ParentRunner.run(ParentRunner.java:363)
	at org.apache.maven.surefire.junit4.JUnit4Provider.execute(JUnit4Provider.java:367)
	at org.apache.maven.surefire.junit4.JUnit4Provider.executeWithRerun(JUnit4Provider.java:274)
	at org.apache.maven.surefire.junit4.JUnit4Provider.executeTestSet(JUnit4Provider.java:238)
	at org.apache.maven.surefire.junit4.JUnit4Provider.invoke(JUnit4Provider.java:161)
	at org.apache.maven.surefire.booter.ForkedBooter.invokeProviderInSameClassLoader(ForkedBooter.java:290)
	at org.apache.maven.surefire.booter.ForkedBooter.runSuitesInProcess(ForkedBooter.java:242)
	at org.apache.maven.surefire.booter.ForkedBooter.main(ForkedBooter.java:121)
&amp#27;[0m
    &amp#27;[36mGiven &amp#27;[0m&amp#27;[36m&amp#27;[0m&amp#27;[36m&amp#27;[1m1&amp#27;[0m&amp#27;[36m scenarios with some before hook&amp#27;[0m                   &amp#27;[90m# TestSteps.java:8&amp#27;[0m
    &amp#27;[36mWhen &amp#27;[0m&amp#27;[36man exception happens during hook execution&amp#27;[0m           &amp#27;[90m# TestSteps.java:12&amp#27;[0m
    &amp#27;[36mThen &amp#27;[0m&amp#27;[36mthe steps should have status Ignored&amp#27;[0m                 &amp#27;[90m# TestSteps.java:16&amp#27;[0m
    &amp#27;[36mBut &amp#27;[0m&amp#27;[36mthe scenario should be reported as Failing&amp#27;[0m            &amp#27;[90m# TestSteps.java:20&amp#27;[0m
]]></system-out>
  </testcase>
  <testcase name="Execute some hook before scenario outline" classname="Exceptions in cucumber hooks must result in failed scenario execution" time="0.611">
    <error message="Oops! Some exception happened during hook execution!" type="java.lang.RuntimeException">java.lang.RuntimeException: Oops! Some exception happened during hook execution!
</error>
    <system-out><![CDATA[
  @Bug
  Scenario Outline: Execute some hook before scenario outline &amp#27;[90m# src/test/resources/features/test.feature:19&amp#27;[0m
Executing @Before Hook
      &amp#27;[31mjava.lang.RuntimeException: Oops! Some exception happened during hook execution!
	at steps.hooks.TestHooks.setup(TestHooks.java:11)
	at sun.reflect.NativeMethodAccessorImpl.invoke0(Native Method)
	at sun.reflect.NativeMethodAccessorImpl.invoke(NativeMethodAccessorImpl.java:62)
	at sun.reflect.DelegatingMethodAccessorImpl.invoke(DelegatingMethodAccessorImpl.java:43)
	at java.lang.reflect.Method.invoke(Method.java:498)
	at cucumber.runtime.Utils$1.call(Utils.java:32)
	at cucumber.runtime.Timeout.timeout(Timeout.java:16)
	at cucumber.runtime.Utils.invoke(Utils.java:26)
	at cucumber.runtime.java.JavaHookDefinition.execute(JavaHookDefinition.java:60)
	at cucumber.runtime.HookDefinitionMatch.runStep(HookDefinitionMatch.java:17)
	at cucumber.runner.UnskipableStep.executeStep(UnskipableStep.java:22)
	at cucumber.api.TestStep.run(TestStep.java:83)
	at cucumber.api.TestCase.run(TestCase.java:58)
	at cucumber.runner.Runner.runPickle(Runner.java:80)
	at cucumber.runtime.junit.PickleRunners$NoStepDescriptions.run(PickleRunners.java:140)
	at cucumber.runtime.junit.FeatureRunner.runChild(FeatureRunner.java:68)
	at cucumber.runtime.junit.FeatureRunner.runChild(FeatureRunner.java:23)
	at org.junit.runners.ParentRunner$3.run(ParentRunner.java:290)
	at org.junit.runners.ParentRunner$1.schedule(ParentRunner.java:71)
	at org.junit.runners.ParentRunner.runChildren(ParentRunner.java:288)
	at org.junit.runners.ParentRunner.access$000(ParentRunner.java:58)
	at org.junit.runners.ParentRunner$2.evaluate(ParentRunner.java:268)
	at org.junit.runners.ParentRunner.run(ParentRunner.java:363)
	at cucumber.runtime.junit.FeatureRunner.run(FeatureRunner.java:73)
	at cucumber.api.junit.Cucumber.runChild(Cucumber.java:117)
	at cucumber.api.junit.Cucumber.runChild(Cucumber.java:55)
	at org.junit.runners.ParentRunner$3.run(ParentRunner.java:290)
	at org.junit.runners.ParentRunner$1.schedule(ParentRunner.java:71)
	at org.junit.runners.ParentRunner.runChildren(ParentRunner.java:288)
	at org.junit.runners.ParentRunner.access$000(ParentRunner.java:58)
	at org.junit.runners.ParentRunner$2.evaluate(ParentRunner.java:268)
	at cucumber.api.junit.Cucumber$1.evaluate(Cucumber.java:126)
	at org.junit.runners.ParentRunner.run(ParentRunner.java:363)
	at org.apache.maven.surefire.junit4.JUnit4Provider.execute(JUnit4Provider.java:367)
	at org.apache.maven.surefire.junit4.JUnit4Provider.executeWithRerun(JUnit4Provider.java:274)
	at org.apache.maven.surefire.junit4.JUnit4Provider.executeTestSet(JUnit4Provider.java:238)
	at org.apache.maven.surefire.junit4.JUnit4Provider.invoke(JUnit4Provider.java:161)
	at org.apache.maven.surefire.booter.ForkedBooter.invokeProviderInSameClassLoader(ForkedBooter.java:290)
	at org.apache.maven.surefire.booter.ForkedBooter.runSuitesInProcess(ForkedBooter.java:242)
	at org.apache.maven.surefire.booter.ForkedBooter.main(ForkedBooter.java:121)
&amp#27;[0m
    &amp#27;[36mGiven &amp#27;[0m&amp#27;[36m&amp#27;[0m&amp#27;[36m&amp#27;[1m2&amp#27;[0m&amp#27;[36m scenarios with some before hook&amp#27;[0m                   &amp#27;[90m# TestSteps.java:8&amp#27;[0m
    &amp#27;[36mWhen &amp#27;[0m&amp#27;[36man exception happens during hook execution&amp#27;[0m           &amp#27;[90m# TestSteps.java:12&amp#27;[0m
    &amp#27;[36mThen &amp#27;[0m&amp#27;[36mthe steps should have status Ignored&amp#27;[0m                 &amp#27;[90m# TestSteps.java:16&amp#27;[0m
    &amp#27;[36mBut &amp#27;[0m&amp#27;[36mthe scenario should be reported as Failing&amp#27;[0m            &amp#27;[90m# TestSteps.java:20&amp#27;[0m
]]></system-out>
  </testcase>
</testsuite>